<?xml version="1.0" encoding="UTF-8"?>
<!-- Generated by org.testng.reporters.JUnitXMLReporter -->
<testsuite hostname="YY059862" ignored="0" name="FreeCRMApplication" tests="9" failures="0" timestamp="20 Jul 2018 09:49:26 GMT" time="304.781" errors="0">
  <testcase name="loginPageTitle" time="0.102" classname="com.crm.qa.testcases.LoginPageTest"/>
  <testcase name="verifyHomePageTitleTest" time="0.074" classname="com.crm.qa.testcases.HomePageTest"/>
  <testcase name="crmLogoImageTest" time="0.103" classname="com.crm.qa.testcases.LoginPageTest"/>
  <testcase name="verifyUserNameLableTest" time="0.778" classname="com.crm.qa.testcases.HomePageTest"/>
  <testcase name="loginTest" time="7.609" classname="com.crm.qa.testcases.LoginPageTest"/>
  <testcase name="verifyContactsTest" time="2.085" classname="com.crm.qa.testcases.HomePageTest"/>
  <testcase name="verifyNewContactTest" time="5.378" classname="com.crm.qa.testcases.ContactsPageTest"/>
  <testcase name="verifyNewContactTest" time="4.59" classname="com.crm.qa.testcases.ContactsPageTest"/>
  <testcase name="verifyNewContactTest" time="4.538" classname="com.crm.qa.testcases.ContactsPageTest"/>
</testsuite> <!-- FreeCRMApplication -->
