<?xml version="1.0" encoding="UTF-8"?>
<!-- Generated by org.testng.reporters.JUnitXMLReporter -->
<testsuite hostname="YY059862" ignored="0" name="Default test" tests="3" failures="0" timestamp="20 Jul 2018 09:17:24 GMT" time="132.159" errors="0">
  <testcase name="verifyNewContactTest" time="9.368" classname="com.crm.qa.testcases.ContactsPageTest"/>
  <testcase name="verifyNewContactTest" time="4.37" classname="com.crm.qa.testcases.ContactsPageTest"/>
  <testcase name="verifyNewContactTest" time="4.035" classname="com.crm.qa.testcases.ContactsPageTest"/>
</testsuite> <!-- Default test -->
