<?xml version="1.0" encoding="UTF-8"?>
<!-- Generated by org.testng.reporters.JUnitXMLReporter -->
<testsuite hostname="YY059862" ignored="0" name="FreeCRMApplication" tests="9" failures="0" timestamp="20 Jul 2018 12:20:14 GMT" time="224.826" errors="0">
  <testcase name="loginPageTitle" time="0.036" classname="com.crm.qa.testcases.LoginPageTest"/>
  <testcase name="verifyHomePageTitleTest" time="0.017" classname="com.crm.qa.testcases.HomePageTest"/>
  <testcase name="crmLogoImageTest" time="0.042" classname="com.crm.qa.testcases.LoginPageTest"/>
  <testcase name="verifyUserNameLableTest" time="0.176" classname="com.crm.qa.testcases.HomePageTest"/>
  <testcase name="loginTest" time="7.483" classname="com.crm.qa.testcases.LoginPageTest"/>
  <testcase name="verifyContactsTest" time="1.919" classname="com.crm.qa.testcases.HomePageTest"/>
  <testcase name="verifyNewContactTest" time="8.957" classname="com.crm.qa.testcases.ContactsPageTest"/>
  <testcase name="verifyNewContactTest" time="4.319" classname="com.crm.qa.testcases.ContactsPageTest"/>
  <testcase name="verifyNewContactTest" time="4.097" classname="com.crm.qa.testcases.ContactsPageTest"/>
</testsuite> <!-- FreeCRMApplication -->
