<?xml version="1.0" encoding="UTF-8"?>
<testng-results skipped="0" failed="0" ignored="0" total="9" passed="9">
  <reporter-output>
  </reporter-output>
  <suite name="FreeCRM" duration-ms="304781" started-at="2018-07-20T09:44:21Z" finished-at="2018-07-20T09:49:26Z">
    <groups>
    </groups>
    <test name="FreeCRMApplication" duration-ms="304781" started-at="2018-07-20T09:44:21Z" finished-at="2018-07-20T09:49:26Z">
      <class name="com.crm.qa.testcases.HomePageTest">
        <test-method status="PASS" signature="setUp()[pri:0, instance:com.crm.qa.testcases.HomePageTest@35f983a6]" name="setUp" is-config="true" duration-ms="40174" started-at="2018-07-20T15:15:12Z" finished-at="2018-07-20T15:15:52Z">
          <reporter-output>
          </reporter-output>
        </test-method> <!-- setUp -->
        <test-method status="PASS" signature="verifyHomePageTitleTest()[pri:1, instance:com.crm.qa.testcases.HomePageTest@35f983a6]" name="verifyHomePageTitleTest" duration-ms="74" started-at="2018-07-20T15:15:52Z" finished-at="2018-07-20T15:15:52Z">
          <reporter-output>
          </reporter-output>
        </test-method> <!-- verifyHomePageTitleTest -->
        <test-method status="PASS" signature="tearDwown()[pri:0, instance:com.crm.qa.testcases.HomePageTest@35f983a6]" name="tearDwown" is-config="true" duration-ms="22208" started-at="2018-07-20T15:15:52Z" finished-at="2018-07-20T15:16:15Z">
          <reporter-output>
          </reporter-output>
        </test-method> <!-- tearDwown -->
        <test-method status="PASS" signature="setUp()[pri:0, instance:com.crm.qa.testcases.HomePageTest@35f983a6]" name="setUp" is-config="true" duration-ms="28160" started-at="2018-07-20T15:16:33Z" finished-at="2018-07-20T15:17:01Z">
          <reporter-output>
          </reporter-output>
        </test-method> <!-- setUp -->
        <test-method status="PASS" signature="verifyUserNameLableTest()[pri:2, instance:com.crm.qa.testcases.HomePageTest@35f983a6]" name="verifyUserNameLableTest" duration-ms="778" started-at="2018-07-20T15:17:01Z" finished-at="2018-07-20T15:17:02Z">
          <reporter-output>
          </reporter-output>
        </test-method> <!-- verifyUserNameLableTest -->
        <test-method status="PASS" signature="tearDwown()[pri:0, instance:com.crm.qa.testcases.HomePageTest@35f983a6]" name="tearDwown" is-config="true" duration-ms="1113" started-at="2018-07-20T15:17:02Z" finished-at="2018-07-20T15:17:03Z">
          <reporter-output>
          </reporter-output>
        </test-method> <!-- tearDwown -->
        <test-method status="PASS" signature="setUp()[pri:0, instance:com.crm.qa.testcases.HomePageTest@35f983a6]" name="setUp" is-config="true" duration-ms="22521" started-at="2018-07-20T15:17:27Z" finished-at="2018-07-20T15:17:50Z">
          <reporter-output>
          </reporter-output>
        </test-method> <!-- setUp -->
        <test-method status="PASS" signature="verifyContactsTest()[pri:3, instance:com.crm.qa.testcases.HomePageTest@35f983a6]" name="verifyContactsTest" duration-ms="2085" started-at="2018-07-20T15:17:50Z" finished-at="2018-07-20T15:17:52Z">
          <reporter-output>
          </reporter-output>
        </test-method> <!-- verifyContactsTest -->
        <test-method status="PASS" signature="tearDwown()[pri:0, instance:com.crm.qa.testcases.HomePageTest@35f983a6]" name="tearDwown" is-config="true" duration-ms="793" started-at="2018-07-20T15:17:52Z" finished-at="2018-07-20T15:17:52Z">
          <reporter-output>
          </reporter-output>
        </test-method> <!-- tearDwown -->
      </class> <!-- com.crm.qa.testcases.HomePageTest -->
      <class name="com.crm.qa.testcases.ContactsPageTest">
        <test-method status="PASS" signature="setUp()[pri:0, instance:com.crm.qa.testcases.ContactsPageTest@7f690630]" name="setUp" is-config="true" duration-ms="22249" started-at="2018-07-20T15:17:59Z" finished-at="2018-07-20T15:18:22Z">
          <reporter-output>
          </reporter-output>
        </test-method> <!-- setUp -->
        <test-method status="PASS" signature="verifyNewContactTest(java.lang.String, java.lang.String, java.lang.String, java.lang.String)[pri:3, instance:com.crm.qa.testcases.ContactsPageTest@7f690630]" name="verifyNewContactTest" duration-ms="5378" started-at="2018-07-20T15:18:22Z" data-provider="getCRMTestData" finished-at="2018-07-20T15:18:27Z">
          <params>
            <param index="0">
              <value>
                <![CDATA[Mr.]]>
              </value>
            </param>
            <param index="1">
              <value>
                <![CDATA[Tony]]>
              </value>
            </param>
            <param index="2">
              <value>
                <![CDATA[Start]]>
              </value>
            </param>
            <param index="3">
              <value>
                <![CDATA[Starks]]>
              </value>
            </param>
          </params>
          <reporter-output>
          </reporter-output>
        </test-method> <!-- verifyNewContactTest -->
        <test-method status="PASS" signature="tearDwown()[pri:0, instance:com.crm.qa.testcases.ContactsPageTest@7f690630]" name="tearDwown" is-config="true" duration-ms="910" started-at="2018-07-20T15:18:27Z" finished-at="2018-07-20T15:18:28Z">
          <reporter-output>
          </reporter-output>
        </test-method> <!-- tearDwown -->
        <test-method status="PASS" signature="setUp()[pri:0, instance:com.crm.qa.testcases.ContactsPageTest@7f690630]" name="setUp" is-config="true" duration-ms="22897" started-at="2018-07-20T15:18:28Z" finished-at="2018-07-20T15:18:51Z">
          <reporter-output>
          </reporter-output>
        </test-method> <!-- setUp -->
        <test-method status="PASS" signature="verifyNewContactTest(java.lang.String, java.lang.String, java.lang.String, java.lang.String)[pri:3, instance:com.crm.qa.testcases.ContactsPageTest@7f690630]" name="verifyNewContactTest" duration-ms="4590" started-at="2018-07-20T15:18:51Z" data-provider="getCRMTestData" finished-at="2018-07-20T15:18:55Z">
          <params>
            <param index="0">
              <value>
                <![CDATA[Mrs.]]>
              </value>
            </param>
            <param index="1">
              <value>
                <![CDATA[Scarllet]]>
              </value>
            </param>
            <param index="2">
              <value>
                <![CDATA[Johnson]]>
              </value>
            </param>
            <param index="3">
              <value>
                <![CDATA[Avengers]]>
              </value>
            </param>
          </params>
          <reporter-output>
          </reporter-output>
        </test-method> <!-- verifyNewContactTest -->
        <test-method status="PASS" signature="tearDwown()[pri:0, instance:com.crm.qa.testcases.ContactsPageTest@7f690630]" name="tearDwown" is-config="true" duration-ms="745" started-at="2018-07-20T15:18:55Z" finished-at="2018-07-20T15:18:56Z">
          <reporter-output>
          </reporter-output>
        </test-method> <!-- tearDwown -->
        <test-method status="PASS" signature="setUp()[pri:0, instance:com.crm.qa.testcases.ContactsPageTest@7f690630]" name="setUp" is-config="true" duration-ms="24228" started-at="2018-07-20T15:18:56Z" finished-at="2018-07-20T15:19:20Z">
          <reporter-output>
          </reporter-output>
        </test-method> <!-- setUp -->
        <test-method status="PASS" signature="verifyNewContactTest(java.lang.String, java.lang.String, java.lang.String, java.lang.String)[pri:3, instance:com.crm.qa.testcases.ContactsPageTest@7f690630]" name="verifyNewContactTest" duration-ms="4538" started-at="2018-07-20T15:19:20Z" data-provider="getCRMTestData" finished-at="2018-07-20T15:19:25Z">
          <params>
            <param index="0">
              <value>
                <![CDATA[Dr.]]>
              </value>
            </param>
            <param index="1">
              <value>
                <![CDATA[Strange]]>
              </value>
            </param>
            <param index="2">
              <value>
                <![CDATA[Start]]>
              </value>
            </param>
            <param index="3">
              <value>
                <![CDATA[Avengers]]>
              </value>
            </param>
          </params>
          <reporter-output>
          </reporter-output>
        </test-method> <!-- verifyNewContactTest -->
        <test-method status="PASS" signature="tearDwown()[pri:0, instance:com.crm.qa.testcases.ContactsPageTest@7f690630]" name="tearDwown" is-config="true" duration-ms="761" started-at="2018-07-20T15:19:25Z" finished-at="2018-07-20T15:19:26Z">
          <reporter-output>
          </reporter-output>
        </test-method> <!-- tearDwown -->
      </class> <!-- com.crm.qa.testcases.ContactsPageTest -->
      <class name="com.crm.qa.testcases.LoginPageTest">
        <test-method status="PASS" signature="setUp()[pri:0, instance:com.crm.qa.testcases.LoginPageTest@60f82f98]" name="setUp" is-config="true" duration-ms="50210" started-at="2018-07-20T15:14:21Z" finished-at="2018-07-20T15:15:11Z">
          <reporter-output>
          </reporter-output>
        </test-method> <!-- setUp -->
        <test-method status="PASS" signature="loginPageTitle()[pri:1, instance:com.crm.qa.testcases.LoginPageTest@60f82f98]" name="loginPageTitle" duration-ms="102" started-at="2018-07-20T15:15:11Z" finished-at="2018-07-20T15:15:11Z">
          <reporter-output>
          </reporter-output>
        </test-method> <!-- loginPageTitle -->
        <test-method status="PASS" signature="tearDown()[pri:0, instance:com.crm.qa.testcases.LoginPageTest@60f82f98]" name="tearDown" is-config="true" duration-ms="1054" started-at="2018-07-20T15:15:11Z" finished-at="2018-07-20T15:15:12Z">
          <reporter-output>
          </reporter-output>
        </test-method> <!-- tearDown -->
        <test-method status="PASS" signature="setUp()[pri:0, instance:com.crm.qa.testcases.LoginPageTest@60f82f98]" name="setUp" is-config="true" duration-ms="16902" started-at="2018-07-20T15:16:15Z" finished-at="2018-07-20T15:16:32Z">
          <reporter-output>
          </reporter-output>
        </test-method> <!-- setUp -->
        <test-method status="PASS" signature="crmLogoImageTest()[pri:2, instance:com.crm.qa.testcases.LoginPageTest@60f82f98]" name="crmLogoImageTest" duration-ms="103" started-at="2018-07-20T15:16:32Z" finished-at="2018-07-20T15:16:32Z">
          <reporter-output>
          </reporter-output>
        </test-method> <!-- crmLogoImageTest -->
        <test-method status="PASS" signature="tearDown()[pri:0, instance:com.crm.qa.testcases.LoginPageTest@60f82f98]" name="tearDown" is-config="true" duration-ms="899" started-at="2018-07-20T15:16:32Z" finished-at="2018-07-20T15:16:33Z">
          <reporter-output>
          </reporter-output>
        </test-method> <!-- tearDown -->
        <test-method status="PASS" signature="setUp()[pri:0, instance:com.crm.qa.testcases.LoginPageTest@60f82f98]" name="setUp" is-config="true" duration-ms="15696" started-at="2018-07-20T15:17:03Z" finished-at="2018-07-20T15:17:18Z">
          <reporter-output>
          </reporter-output>
        </test-method> <!-- setUp -->
        <test-method status="PASS" signature="loginTest()[pri:3, instance:com.crm.qa.testcases.LoginPageTest@60f82f98]" name="loginTest" duration-ms="7609" started-at="2018-07-20T15:17:18Z" finished-at="2018-07-20T15:17:26Z">
          <reporter-output>
          </reporter-output>
        </test-method> <!-- loginTest -->
        <test-method status="PASS" signature="tearDown()[pri:0, instance:com.crm.qa.testcases.LoginPageTest@60f82f98]" name="tearDown" is-config="true" duration-ms="1016" started-at="2018-07-20T15:17:26Z" finished-at="2018-07-20T15:17:27Z">
          <reporter-output>
          </reporter-output>
        </test-method> <!-- tearDown -->
      </class> <!-- com.crm.qa.testcases.LoginPageTest -->
    </test> <!-- FreeCRMApplication -->
  </suite> <!-- FreeCRM -->
</testng-results>
